2023-12-22 14:26:20,458 - root - INFO - reading data ... ...
2023-12-22 14:27:26,126 - root - INFO - loading train/valid/test set ... ... 
2023-12-22 14:27:28,484 - root - INFO - Train Epoch: 0 [0/1996 (0%)]	Loss: 0.388738
2023-12-22 14:28:44,922 - root - INFO - Train Epoch: 0 [100/1996 (5%)]	Loss: 0.152162
2023-12-22 14:29:46,118 - root - INFO - Train Epoch: 0 [200/1996 (10%)]	Loss: 0.202632
2023-12-22 14:30:55,378 - root - INFO - Train Epoch: 0 [300/1996 (15%)]	Loss: 0.273695
2023-12-22 14:32:20,001 - root - INFO - Train Epoch: 0 [400/1996 (20%)]	Loss: -0.018423
2023-12-22 14:33:28,427 - root - INFO - Train Epoch: 0 [500/1996 (25%)]	Loss: 0.015728
2023-12-22 14:34:31,074 - root - INFO - Train Epoch: 0 [600/1996 (30%)]	Loss: 0.082716
2023-12-22 14:35:56,667 - root - INFO - Train Epoch: 0 [700/1996 (35%)]	Loss: 0.329337
2023-12-22 14:37:14,128 - root - INFO - Train Epoch: 0 [800/1996 (40%)]	Loss: 0.015062
2023-12-22 14:38:15,780 - root - INFO - Train Epoch: 0 [900/1996 (45%)]	Loss: -0.048937
2023-12-22 14:39:33,012 - root - INFO - Train Epoch: 0 [1000/1996 (50%)]	Loss: 0.037281
2023-12-22 14:40:56,475 - root - INFO - Train Epoch: 0 [1100/1996 (55%)]	Loss: 0.292675
2023-12-22 14:41:58,208 - root - INFO - Train Epoch: 0 [1200/1996 (60%)]	Loss: 0.191965
2023-12-22 14:43:09,870 - root - INFO - Train Epoch: 0 [1300/1996 (65%)]	Loss: 0.091791
2023-12-22 14:44:34,278 - root - INFO - Train Epoch: 0 [1400/1996 (70%)]	Loss: -0.102065
2023-12-22 14:45:41,088 - root - INFO - Train Epoch: 0 [1500/1996 (75%)]	Loss: -0.155508
2023-12-22 14:46:43,100 - root - INFO - Train Epoch: 0 [1600/1996 (80%)]	Loss: 0.068472
2023-12-22 14:48:04,833 - root - INFO - Train Epoch: 0 [1700/1996 (85%)]	Loss: 0.138515
2023-12-22 14:49:22,725 - root - INFO - Train Epoch: 0 [1800/1996 (90%)]	Loss: 0.277796
2023-12-22 14:50:24,459 - root - INFO - Train Epoch: 0 [1900/1996 (95%)]	Loss: -0.001013
2023-12-22 14:51:31,531 - root - INFO - Training loss in iteration 0 epoch 0 is 0.11083778020420032
2023-12-22 15:18:57,393 - root - INFO - Iteration 0 Epoch 0 Mean IC: 0.02235426482258815, Mean Rank IC: 0.00984580535918749, Eval loss 0.8940759630965405
2023-12-22 15:51:33,883 - root - INFO - saving best validation model ... ...
2023-12-22 15:51:33,888 - root - INFO - Iteration 0 Epoch 0 Test Mean IC: 0.0663360604663842, Test Mean Rank IC: 0.053324507483268925, Test Eval loss 0.8261949371863908
2023-12-22 15:51:35,487 - root - INFO - Train Epoch: 1 [0/1996 (0%)]	Loss: 0.180906
2023-12-22 15:52:38,131 - root - INFO - Train Epoch: 1 [100/1996 (5%)]	Loss: 0.199797
2023-12-22 15:53:50,305 - root - INFO - Train Epoch: 1 [200/1996 (10%)]	Loss: 0.305471
2023-12-22 15:55:16,417 - root - INFO - Train Epoch: 1 [300/1996 (15%)]	Loss: 0.089176
2023-12-22 15:56:34,210 - root - INFO - Train Epoch: 1 [400/1996 (20%)]	Loss: 0.169131
2023-12-22 15:57:38,361 - root - INFO - Train Epoch: 1 [500/1996 (25%)]	Loss: 0.143808
2023-12-22 15:58:52,614 - root - INFO - Train Epoch: 1 [600/1996 (30%)]	Loss: 0.170450
2023-12-22 16:00:20,727 - root - INFO - Train Epoch: 1 [700/1996 (35%)]	Loss: 0.111232
2023-12-22 16:01:34,620 - root - INFO - Train Epoch: 1 [800/1996 (40%)]	Loss: 0.365608
2023-12-22 16:02:38,139 - root - INFO - Train Epoch: 1 [900/1996 (45%)]	Loss: 0.226901
2023-12-22 16:03:54,863 - root - INFO - Train Epoch: 1 [1000/1996 (50%)]	Loss: 0.255003
2023-12-22 16:05:19,457 - root - INFO - Train Epoch: 1 [1100/1996 (55%)]	Loss: -0.298626
2023-12-22 16:06:28,543 - root - INFO - Train Epoch: 1 [1200/1996 (60%)]	Loss: -0.122887
2023-12-22 16:07:32,819 - root - INFO - Train Epoch: 1 [1300/1996 (65%)]	Loss: 0.149249
2023-12-22 16:08:54,268 - root - INFO - Train Epoch: 1 [1400/1996 (70%)]	Loss: 0.276928
2023-12-22 16:10:19,482 - root - INFO - Train Epoch: 1 [1500/1996 (75%)]	Loss: 0.084061
2023-12-22 16:11:43,316 - root - INFO - Train Epoch: 1 [1600/1996 (80%)]	Loss: 0.010590
2023-12-22 16:12:46,768 - root - INFO - Train Epoch: 1 [1700/1996 (85%)]	Loss: 0.273964
2023-12-22 16:14:10,274 - root - INFO - Train Epoch: 1 [1800/1996 (90%)]	Loss: 0.059711
2023-12-22 16:15:36,645 - root - INFO - Train Epoch: 1 [1900/1996 (95%)]	Loss: 0.193431
2023-12-22 16:16:39,360 - root - INFO - Training loss in iteration 0 epoch 1 is 0.08657359311689355
2023-12-22 16:45:38,547 - root - INFO - Iteration 0 Epoch 1 Mean IC: 0.02398054071961612, Mean Rank IC: 0.01191970132879119, Eval loss 0.9269889367164158
